<?xml version="1.0" encoding="UTF-8"?>
<coverage generated="1560506353488" clover="3.2.0">
  <project timestamp="1560506353488" name="All files">
    <metrics statements="66" coveredstatements="62" conditionals="62" coveredconditionals="56" methods="18" coveredmethods="17" elements="146" coveredelements="135" complexity="0" loc="66" ncloc="66" packages="1" files="3" classes="3"/>
    <file name="cookie.js" path="/Users/mac/Documents/ke/Tangram/src/util/cookie.js">
      <metrics statements="24" coveredstatements="24" conditionals="20" coveredconditionals="20" methods="5" coveredmethods="5"/>
      <line num="7" count="1" type="stmt"/>
      <line num="19" count="4" type="stmt"/>
      <line num="20" count="4" type="stmt"/>
      <line num="21" count="4" type="stmt"/>
      <line num="22" count="4" type="cond" truecount="2" falsecount="0"/>
      <line num="33" count="7" type="stmt"/>
      <line num="35" count="7" type="cond" truecount="2" falsecount="0"/>
      <line num="45" count="3" type="stmt"/>
      <line num="46" count="3" type="cond" truecount="2" falsecount="0"/>
      <line num="47" count="1" type="stmt"/>
      <line num="49" count="2" type="stmt"/>
      <line num="58" count="3" type="stmt"/>
      <line num="59" count="3" type="stmt"/>
      <line num="60" count="3" type="stmt"/>
      <line num="61" count="3" type="cond" truecount="2" falsecount="0"/>
      <line num="62" count="2" type="stmt"/>
      <line num="74" count="18" type="cond" truecount="2" falsecount="0"/>
      <line num="75" count="18" type="stmt"/>
      <line num="76" count="18" type="stmt"/>
      <line num="77" count="18" type="cond" truecount="4" falsecount="0"/>
      <line num="78" count="5" type="stmt"/>
      <line num="79" count="3" type="stmt"/>
      <line num="80" count="3" type="stmt"/>
      <line num="81" count="7" type="cond" truecount="6" falsecount="0"/>
    </file>
    <file name="share.js" path="/Users/mac/Documents/ke/Tangram/src/util/share.js">
      <metrics statements="31" coveredstatements="29" conditionals="31" coveredconditionals="29" methods="6" coveredmethods="6"/>
      <line num="22" count="1" type="stmt"/>
      <line num="25" count="1" type="stmt"/>
      <line num="28" count="7" type="cond" truecount="4" falsecount="0"/>
      <line num="29" count="1" type="stmt"/>
      <line num="31" count="6" type="cond" truecount="2" falsecount="0"/>
      <line num="32" count="6" type="cond" truecount="5" falsecount="0"/>
      <line num="33" count="4" type="stmt"/>
      <line num="35" count="2" type="stmt"/>
      <line num="48" count="5" type="cond" truecount="4" falsecount="0"/>
      <line num="49" count="1" type="stmt"/>
      <line num="51" count="4" type="cond" truecount="2" falsecount="0"/>
      <line num="52" count="2" type="stmt"/>
      <line num="54" count="2" type="stmt"/>
      <line num="55" count="2" type="cond" truecount="2" falsecount="0"/>
      <line num="56" count="1" type="stmt"/>
      <line num="57" count="0" type="stmt"/>
      <line num="63" count="0" type="stmt"/>
      <line num="77" count="4" type="cond" truecount="2" falsecount="0"/>
      <line num="78" count="1" type="stmt"/>
      <line num="80" count="3" type="cond" truecount="2" falsecount="0"/>
      <line num="82" count="2" type="stmt"/>
      <line num="88" count="2" type="cond" truecount="2" falsecount="0"/>
      <line num="89" count="1" type="cond" truecount="1" falsecount="1"/>
      <line num="90" count="1" type="stmt"/>
      <line num="104" count="2" type="cond" truecount="2" falsecount="0"/>
      <line num="105" count="1" type="stmt"/>
      <line num="107" count="1" type="cond" truecount="1" falsecount="1"/>
      <line num="108" count="1" type="stmt"/>
      <line num="109" count="1" type="stmt"/>
      <line num="110" count="1" type="stmt"/>
      <line num="117" count="1" type="stmt"/>
    </file>
    <file name="validate.js" path="/Users/mac/Documents/ke/Tangram/src/util/validate.js">
      <metrics statements="11" coveredstatements="9" conditionals="11" coveredconditionals="7" methods="7" coveredmethods="6"/>
      <line num="7" count="2" type="stmt"/>
      <line num="13" count="9" type="cond" truecount="3" falsecount="0"/>
      <line num="20" count="14" type="stmt"/>
      <line num="26" count="6" type="stmt"/>
      <line num="32" count="0" type="stmt"/>
      <line num="33" count="0" type="stmt"/>
      <line num="52" count="3" type="stmt"/>
      <line num="53" count="3" type="cond" truecount="2" falsecount="0"/>
      <line num="59" count="3" type="stmt"/>
      <line num="60" count="3" type="stmt"/>
      <line num="67" count="4" type="cond" truecount="2" falsecount="0"/>
    </file>
  </project>
</coverage>
