{"/Users/mac/Documents/ke/Tangram/src/util/cookie.js": {"path":"/Users/mac/Documents/ke/Tangram/src/util/cookie.js","statementMap":{"0":{"start":{"line":7,"column":15},"end":{"line":84,"column":1}},"1":{"start":{"line":19,"column":24},"end":{"line":19,"column":34}},"2":{"start":{"line":20,"column":21},"end":{"line":20,"column":40}},"3":{"start":{"line":21,"column":8},"end":{"line":21,"column":54}},"4":{"start":{"line":22,"column":8},"end":{"line":22,"column":105}},"5":{"start":{"line":33,"column":20},"end":{"line":33,"column":59}},"6":{"start":{"line":35,"column":8},"end":{"line":35,"column":76}},"7":{"start":{"line":45,"column":23},"end":{"line":45,"column":43}},"8":{"start":{"line":46,"column":8},"end":{"line":48,"column":9}},"9":{"start":{"line":47,"column":12},"end":{"line":47,"column":24}},"10":{"start":{"line":49,"column":8},"end":{"line":49,"column":21}},"11":{"start":{"line":58,"column":20},"end":{"line":58,"column":30}},"12":{"start":{"line":59,"column":8},"end":{"line":59,"column":39}},"13":{"start":{"line":60,"column":21},"end":{"line":60,"column":41}},"14":{"start":{"line":61,"column":8},"end":{"line":63,"column":9}},"15":{"start":{"line":62,"column":12},"end":{"line":62,"column":77}},"16":{"start":{"line":74,"column":8},"end":{"line":74,"column":24}},"17":{"start":{"line":75,"column":21},"end":{"line":75,"column":35}},"18":{"start":{"line":76,"column":21},"end":{"line":76,"column":40}},"19":{"start":{"line":77,"column":8},"end":{"line":82,"column":9}},"20":{"start":{"line":78,"column":22},"end":{"line":78,"column":41}},"21":{"start":{"line":79,"column":22},"end":{"line":79,"column":51}},"22":{"start":{"line":80,"column":22},"end":{"line":80,"column":56}},"23":{"start":{"line":81,"column":21},"end":{"line":81,"column":90}}},"fnMap":{"0":{"name":"(anonymous_0)","decl":{"start":{"line":18,"column":4},"end":{"line":18,"column":5}},"loc":{"start":{"line":18,"column":35},"end":{"line":23,"column":5}},"line":18},"1":{"name":"(anonymous_1)","decl":{"start":{"line":31,"column":4},"end":{"line":31,"column":5}},"loc":{"start":{"line":31,"column":20},"end":{"line":36,"column":5}},"line":31},"2":{"name":"(anonymous_2)","decl":{"start":{"line":44,"column":4},"end":{"line":44,"column":5}},"loc":{"start":{"line":44,"column":22},"end":{"line":50,"column":5}},"line":44},"3":{"name":"(anonymous_3)","decl":{"start":{"line":57,"column":4},"end":{"line":57,"column":5}},"loc":{"start":{"line":57,"column":23},"end":{"line":64,"column":5}},"line":57},"4":{"name":"(anonymous_4)","decl":{"start":{"line":73,"column":4},"end":{"line":73,"column":5}},"loc":{"start":{"line":73,"column":16},"end":{"line":83,"column":5}},"line":73}},"branchMap":{"0":{"loc":{"start":{"line":22,"column":53},"end":{"line":22,"column":102}},"type":"cond-expr","locations":[{"start":{"line":22,"column":62},"end":{"line":22,"column":97}},{"start":{"line":22,"column":100},"end":{"line":22,"column":102}}],"line":22},"1":{"loc":{"start":{"line":35,"column":15},"end":{"line":35,"column":75}},"type":"cond-expr","locations":[{"start":{"line":35,"column":52},"end":{"line":35,"column":68}},{"start":{"line":35,"column":71},"end":{"line":35,"column":75}}],"line":35},"2":{"loc":{"start":{"line":46,"column":8},"end":{"line":48,"column":9}},"type":"if","locations":[{"start":{"line":46,"column":8},"end":{"line":48,"column":9}},{"start":{"line":46,"column":8},"end":{"line":48,"column":9}}],"line":46},"3":{"loc":{"start":{"line":61,"column":8},"end":{"line":63,"column":9}},"type":"if","locations":[{"start":{"line":61,"column":8},"end":{"line":63,"column":9}},{"start":{"line":61,"column":8},"end":{"line":63,"column":9}}],"line":61},"4":{"loc":{"start":{"line":74,"column":14},"end":{"line":74,"column":23}},"type":"binary-expr","locations":[{"start":{"line":74,"column":14},"end":{"line":74,"column":17}},{"start":{"line":74,"column":21},"end":{"line":74,"column":23}}],"line":74},"5":{"loc":{"start":{"line":77,"column":8},"end":{"line":82,"column":9}},"type":"switch","locations":[{"start":{"line":78,"column":12},"end":{"line":78,"column":41}},{"start":{"line":79,"column":12},"end":{"line":79,"column":51}},{"start":{"line":80,"column":12},"end":{"line":80,"column":56}},{"start":{"line":81,"column":12},"end":{"line":81,"column":90}}],"line":77},"6":{"loc":{"start":{"line":81,"column":28},"end":{"line":81,"column":89}},"type":"cond-expr","locations":[{"start":{"line":81,"column":50},"end":{"line":81,"column":61}},{"start":{"line":81,"column":65},"end":{"line":81,"column":88}}],"line":81},"7":{"loc":{"start":{"line":81,"column":28},"end":{"line":81,"column":47}},"type":"binary-expr","locations":[{"start":{"line":81,"column":28},"end":{"line":81,"column":39}},{"start":{"line":81,"column":43},"end":{"line":81,"column":47}}],"line":81},"8":{"loc":{"start":{"line":81,"column":65},"end":{"line":81,"column":88}},"type":"cond-expr","locations":[{"start":{"line":81,"column":71},"end":{"line":81,"column":81}},{"start":{"line":81,"column":84},"end":{"line":81,"column":88}}],"line":81}},"s":{"0":1,"1":4,"2":4,"3":4,"4":4,"5":7,"6":7,"7":3,"8":3,"9":1,"10":2,"11":3,"12":3,"13":3,"14":3,"15":2,"16":18,"17":18,"18":18,"19":18,"20":5,"21":3,"22":3,"23":7},"f":{"0":4,"1":7,"2":3,"3":3,"4":18},"b":{"0":[2,2],"1":[4,3],"2":[1,2],"3":[2,1],"4":[18,3],"5":[5,3,3,7],"6":[1,6],"7":[7,1],"8":[3,3]},"_coverageSchema":"43e27e138ebf9cfc5966b082cf9a028302ed4184","hash":"efd8f28524c9e1f92a3ecfa5597c9be3be0340a2"}
,"/Users/mac/Documents/ke/Tangram/src/util/data.js": {"path":"/Users/mac/Documents/ke/Tangram/src/util/data.js","statementMap":{"0":{"start":{"line":6,"column":13},"end":{"line":151,"column":1}},"1":{"start":{"line":16,"column":23},"end":{"line":16,"column":58}},"2":{"start":{"line":17,"column":21},"end":{"line":17,"column":44}},"3":{"start":{"line":18,"column":8},"end":{"line":24,"column":11}},"4":{"start":{"line":19,"column":12},"end":{"line":23,"column":13}},"5":{"start":{"line":20,"column":16},"end":{"line":20,"column":62}},"6":{"start":{"line":22,"column":16},"end":{"line":22,"column":46}},"7":{"start":{"line":25,"column":8},"end":{"line":25,"column":22}},"8":{"start":{"line":53,"column":8},"end":{"line":64,"column":9}},"9":{"start":{"line":54,"column":12},"end":{"line":63,"column":13}},"10":{"start":{"line":56,"column":16},"end":{"line":56,"column":26}},"11":{"start":{"line":57,"column":16},"end":{"line":57,"column":26}},"12":{"start":{"line":60,"column":16},"end":{"line":60,"column":33}},"13":{"start":{"line":61,"column":16},"end":{"line":61,"column":30}},"14":{"start":{"line":62,"column":16},"end":{"line":62,"column":26}},"15":{"start":{"line":66,"column":8},"end":{"line":66,"column":30}},"16":{"start":{"line":67,"column":8},"end":{"line":67,"column":30}},"17":{"start":{"line":69,"column":8},"end":{"line":73,"column":9}},"18":{"start":{"line":70,"column":25},"end":{"line":70,"column":30}},"19":{"start":{"line":71,"column":12},"end":{"line":71,"column":26}},"20":{"start":{"line":72,"column":12},"end":{"line":72,"column":25}},"21":{"start":{"line":74,"column":8},"end":{"line":89,"column":9}},"22":{"start":{"line":86,"column":25},"end":{"line":86,"column":38}},"23":{"start":{"line":87,"column":24},"end":{"line":87,"column":40}},"24":{"start":{"line":88,"column":12},"end":{"line":88,"column":97}},"25":{"start":{"line":98,"column":8},"end":{"line":98,"column":73}},"26":{"start":{"line":108,"column":21},"end":{"line":108,"column":71}},"27":{"start":{"line":109,"column":8},"end":{"line":111,"column":9}},"28":{"start":{"line":110,"column":12},"end":{"line":110,"column":56}},"29":{"start":{"line":112,"column":8},"end":{"line":114,"column":9}},"30":{"start":{"line":113,"column":12},"end":{"line":113,"column":70}},"31":{"start":{"line":115,"column":8},"end":{"line":117,"column":9}},"32":{"start":{"line":116,"column":12},"end":{"line":116,"column":32}},"33":{"start":{"line":118,"column":8},"end":{"line":120,"column":9}},"34":{"start":{"line":119,"column":12},"end":{"line":119,"column":45}},"35":{"start":{"line":121,"column":8},"end":{"line":123,"column":9}},"36":{"start":{"line":122,"column":12},"end":{"line":122,"column":29}},"37":{"start":{"line":124,"column":8},"end":{"line":124,"column":27}},"38":{"start":{"line":133,"column":8},"end":{"line":146,"column":9}},"39":{"start":{"line":136,"column":36},"end":{"line":136,"column":98}},"40":{"start":{"line":137,"column":23},"end":{"line":137,"column":27}},"41":{"start":{"line":139,"column":12},"end":{"line":144,"column":15}},"42":{"start":{"line":140,"column":37},"end":{"line":140,"column":53}},"43":{"start":{"line":141,"column":16},"end":{"line":143,"column":17}},"44":{"start":{"line":142,"column":20},"end":{"line":142,"column":33}},"45":{"start":{"line":145,"column":12},"end":{"line":145,"column":24}},"46":{"start":{"line":148,"column":8},"end":{"line":148,"column":20}}},"fnMap":{"0":{"name":"(anonymous_0)","decl":{"start":{"line":7,"column":14},"end":{"line":7,"column":15}},"loc":{"start":{"line":7,"column":20},"end":{"line":9,"column":5}},"line":7},"1":{"name":"(anonymous_1)","decl":{"start":{"line":15,"column":15},"end":{"line":15,"column":16}},"loc":{"start":{"line":15,"column":31},"end":{"line":26,"column":5}},"line":15},"2":{"name":"(anonymous_2)","decl":{"start":{"line":18,"column":21},"end":{"line":18,"column":22}},"loc":{"start":{"line":18,"column":30},"end":{"line":24,"column":9}},"line":18},"3":{"name":"(anonymous_3)","decl":{"start":{"line":52,"column":15},"end":{"line":52,"column":16}},"loc":{"start":{"line":52,"column":43},"end":{"line":99,"column":5}},"line":52},"4":{"name":"(anonymous_4)","decl":{"start":{"line":106,"column":23},"end":{"line":106,"column":24}},"loc":{"start":{"line":106,"column":41},"end":{"line":125,"column":5}},"line":106},"5":{"name":"(anonymous_5)","decl":{"start":{"line":132,"column":4},"end":{"line":132,"column":5}},"loc":{"start":{"line":132,"column":54},"end":{"line":149,"column":5}},"line":132},"6":{"name":"(anonymous_6)","decl":{"start":{"line":139,"column":36},"end":{"line":139,"column":37}},"loc":{"start":{"line":139,"column":46},"end":{"line":144,"column":13}},"line":139}},"branchMap":{"0":{"loc":{"start":{"line":16,"column":23},"end":{"line":16,"column":58}},"type":"cond-expr","locations":[{"start":{"line":16,"column":51},"end":{"line":16,"column":53}},{"start":{"line":16,"column":56},"end":{"line":16,"column":58}}],"line":16},"1":{"loc":{"start":{"line":19,"column":12},"end":{"line":23,"column":13}},"type":"if","locations":[{"start":{"line":19,"column":12},"end":{"line":23,"column":13}},{"start":{"line":19,"column":12},"end":{"line":23,"column":13}}],"line":19},"2":{"loc":{"start":{"line":53,"column":8},"end":{"line":64,"column":9}},"type":"if","locations":[{"start":{"line":53,"column":8},"end":{"line":64,"column":9}},{"start":{"line":53,"column":8},"end":{"line":64,"column":9}}],"line":53},"3":{"loc":{"start":{"line":53,"column":12},"end":{"line":53,"column":60}},"type":"binary-expr","locations":[{"start":{"line":53,"column":12},"end":{"line":53,"column":31}},{"start":{"line":53,"column":35},"end":{"line":53,"column":60}}],"line":53},"4":{"loc":{"start":{"line":54,"column":12},"end":{"line":63,"column":13}},"type":"if","locations":[{"start":{"line":54,"column":12},"end":{"line":63,"column":13}},{"start":{"line":54,"column":12},"end":{"line":63,"column":13}}],"line":54},"5":{"loc":{"start":{"line":69,"column":8},"end":{"line":73,"column":9}},"type":"if","locations":[{"start":{"line":69,"column":8},"end":{"line":73,"column":9}},{"start":{"line":69,"column":8},"end":{"line":73,"column":9}}],"line":69},"6":{"loc":{"start":{"line":74,"column":8},"end":{"line":89,"column":9}},"type":"if","locations":[{"start":{"line":74,"column":8},"end":{"line":89,"column":9}},{"start":{"line":74,"column":8},"end":{"line":89,"column":9}}],"line":74},"7":{"loc":{"start":{"line":74,"column":12},"end":{"line":74,"column":46}},"type":"binary-expr","locations":[{"start":{"line":74,"column":12},"end":{"line":74,"column":20}},{"start":{"line":74,"column":24},"end":{"line":74,"column":33}},{"start":{"line":74,"column":37},"end":{"line":74,"column":46}}],"line":74},"8":{"loc":{"start":{"line":109,"column":8},"end":{"line":111,"column":9}},"type":"if","locations":[{"start":{"line":109,"column":8},"end":{"line":111,"column":9}},{"start":{"line":109,"column":8},"end":{"line":111,"column":9}}],"line":109},"9":{"loc":{"start":{"line":109,"column":12},"end":{"line":109,"column":49}},"type":"binary-expr","locations":[{"start":{"line":109,"column":12},"end":{"line":109,"column":28}},{"start":{"line":109,"column":32},"end":{"line":109,"column":49}}],"line":109},"10":{"loc":{"start":{"line":110,"column":26},"end":{"line":110,"column":55}},"type":"cond-expr","locations":[{"start":{"line":110,"column":45},"end":{"line":110,"column":50}},{"start":{"line":110,"column":53},"end":{"line":110,"column":55}}],"line":110},"11":{"loc":{"start":{"line":112,"column":8},"end":{"line":114,"column":9}},"type":"if","locations":[{"start":{"line":112,"column":8},"end":{"line":114,"column":9}},{"start":{"line":112,"column":8},"end":{"line":114,"column":9}}],"line":112},"12":{"loc":{"start":{"line":113,"column":26},"end":{"line":113,"column":69}},"type":"cond-expr","locations":[{"start":{"line":113,"column":59},"end":{"line":113,"column":64}},{"start":{"line":113,"column":67},"end":{"line":113,"column":69}}],"line":113},"13":{"loc":{"start":{"line":115,"column":8},"end":{"line":117,"column":9}},"type":"if","locations":[{"start":{"line":115,"column":8},"end":{"line":117,"column":9}},{"start":{"line":115,"column":8},"end":{"line":117,"column":9}}],"line":115},"14":{"loc":{"start":{"line":118,"column":8},"end":{"line":120,"column":9}},"type":"if","locations":[{"start":{"line":118,"column":8},"end":{"line":120,"column":9}},{"start":{"line":118,"column":8},"end":{"line":120,"column":9}}],"line":118},"15":{"loc":{"start":{"line":119,"column":26},"end":{"line":119,"column":44}},"type":"cond-expr","locations":[{"start":{"line":119,"column":34},"end":{"line":119,"column":39}},{"start":{"line":119,"column":42},"end":{"line":119,"column":44}}],"line":119},"16":{"loc":{"start":{"line":121,"column":8},"end":{"line":123,"column":9}},"type":"if","locations":[{"start":{"line":121,"column":8},"end":{"line":123,"column":9}},{"start":{"line":121,"column":8},"end":{"line":123,"column":9}}],"line":121},"17":{"loc":{"start":{"line":121,"column":12},"end":{"line":121,"column":51}},"type":"binary-expr","locations":[{"start":{"line":121,"column":12},"end":{"line":121,"column":27}},{"start":{"line":121,"column":31},"end":{"line":121,"column":51}}],"line":121},"18":{"loc":{"start":{"line":133,"column":8},"end":{"line":146,"column":9}},"type":"if","locations":[{"start":{"line":133,"column":8},"end":{"line":146,"column":9}},{"start":{"line":133,"column":8},"end":{"line":146,"column":9}}],"line":133},"19":{"loc":{"start":{"line":141,"column":16},"end":{"line":143,"column":17}},"type":"if","locations":[{"start":{"line":141,"column":16},"end":{"line":143,"column":17}},{"start":{"line":141,"column":16},"end":{"line":143,"column":17}}],"line":141}},"s":{"0":1,"1":0,"2":0,"3":0,"4":0,"5":0,"6":0,"7":0,"8":0,"9":0,"10":0,"11":0,"12":0,"13":0,"14":0,"15":0,"16":0,"17":0,"18":0,"19":0,"20":0,"21":0,"22":0,"23":0,"24":0,"25":0,"26":12,"27":12,"28":4,"29":12,"30":2,"31":12,"32":2,"33":12,"34":2,"35":12,"36":2,"37":12,"38":0,"39":0,"40":0,"41":0,"42":0,"43":0,"44":0,"45":0,"46":0},"f":{"0":0,"1":0,"2":0,"3":0,"4":12,"5":0,"6":0},"b":{"0":[0,0],"1":[0,0],"2":[0,0],"3":[0,0],"4":[0,0],"5":[0,0],"6":[0,0],"7":[0,0,0],"8":[4,8],"9":[12,10],"10":[2,2],"11":[2,10],"12":[1,1],"13":[2,10],"14":[2,10],"15":[1,1],"16":[2,10],"17":[12,11],"18":[0,0],"19":[0,0]},"_coverageSchema":"43e27e138ebf9cfc5966b082cf9a028302ed4184","hash":"fd6051e5e5f14558be3a5a9d6cb4becc4915186f"}
,"/Users/mac/Documents/ke/Tangram/src/util/share.js": {"path":"/Users/mac/Documents/ke/Tangram/src/util/share.js","statementMap":{"0":{"start":{"line":22,"column":17},"end":{"line":22,"column":88}},"1":{"start":{"line":25,"column":14},"end":{"line":121,"column":1}},"2":{"start":{"line":28,"column":8},"end":{"line":30,"column":9}},"3":{"start":{"line":29,"column":12},"end":{"line":29,"column":25}},"4":{"start":{"line":31,"column":26},"end":{"line":31,"column":58}},"5":{"start":{"line":32,"column":8},"end":{"line":34,"column":9}},"6":{"start":{"line":33,"column":12},"end":{"line":33,"column":24}},"7":{"start":{"line":35,"column":8},"end":{"line":35,"column":21}},"8":{"start":{"line":48,"column":8},"end":{"line":50,"column":9}},"9":{"start":{"line":49,"column":12},"end":{"line":49,"column":46}},"10":{"start":{"line":51,"column":8},"end":{"line":53,"column":9}},"11":{"start":{"line":52,"column":12},"end":{"line":52,"column":38}},"12":{"start":{"line":54,"column":20},"end":{"line":54,"column":55}},"13":{"start":{"line":55,"column":8},"end":{"line":64,"column":11}},"14":{"start":{"line":56,"column":12},"end":{"line":56,"column":47}},"15":{"start":{"line":57,"column":32},"end":{"line":62,"column":13}},"16":{"start":{"line":63,"column":12},"end":{"line":63,"column":73}},"17":{"start":{"line":77,"column":8},"end":{"line":79,"column":9}},"18":{"start":{"line":78,"column":12},"end":{"line":78,"column":38}},"19":{"start":{"line":80,"column":8},"end":{"line":91,"column":9}},"20":{"start":{"line":82,"column":38},"end":{"line":87,"column":13}},"21":{"start":{"line":88,"column":12},"end":{"line":88,"column":94}},"22":{"start":{"line":89,"column":15},"end":{"line":91,"column":9}},"23":{"start":{"line":90,"column":12},"end":{"line":90,"column":43}},"24":{"start":{"line":104,"column":8},"end":{"line":106,"column":9}},"25":{"start":{"line":105,"column":12},"end":{"line":105,"column":38}},"26":{"start":{"line":107,"column":8},"end":{"line":119,"column":9}},"27":{"start":{"line":108,"column":12},"end":{"line":118,"column":15}},"28":{"start":{"line":109,"column":28},"end":{"line":109,"column":63}},"29":{"start":{"line":110,"column":36},"end":{"line":116,"column":17}},"30":{"start":{"line":117,"column":16},"end":{"line":117,"column":74}}},"fnMap":{"0":{"name":"(anonymous_0)","decl":{"start":{"line":27,"column":17},"end":{"line":27,"column":18}},"loc":{"start":{"line":27,"column":23},"end":{"line":36,"column":5}},"line":27},"1":{"name":"(anonymous_1)","decl":{"start":{"line":47,"column":22},"end":{"line":47,"column":23}},"loc":{"start":{"line":47,"column":34},"end":{"line":65,"column":5}},"line":47},"2":{"name":"(anonymous_2)","decl":{"start":{"line":55,"column":37},"end":{"line":55,"column":38}},"loc":{"start":{"line":55,"column":49},"end":{"line":64,"column":9}},"line":55},"3":{"name":"(anonymous_3)","decl":{"start":{"line":76,"column":18},"end":{"line":76,"column":19}},"loc":{"start":{"line":76,"column":30},"end":{"line":92,"column":5}},"line":76},"4":{"name":"(anonymous_4)","decl":{"start":{"line":103,"column":17},"end":{"line":103,"column":18}},"loc":{"start":{"line":103,"column":29},"end":{"line":120,"column":5}},"line":103},"5":{"name":"(anonymous_5)","decl":{"start":{"line":108,"column":28},"end":{"line":108,"column":29}},"loc":{"start":{"line":108,"column":40},"end":{"line":118,"column":13}},"line":108}},"branchMap":{"0":{"loc":{"start":{"line":28,"column":8},"end":{"line":30,"column":9}},"type":"if","locations":[{"start":{"line":28,"column":8},"end":{"line":30,"column":9}},{"start":{"line":28,"column":8},"end":{"line":30,"column":9}}],"line":28},"1":{"loc":{"start":{"line":28,"column":12},"end":{"line":28,"column":57}},"type":"binary-expr","locations":[{"start":{"line":28,"column":12},"end":{"line":28,"column":43}},{"start":{"line":28,"column":47},"end":{"line":28,"column":57}}],"line":28},"2":{"loc":{"start":{"line":31,"column":26},"end":{"line":31,"column":58}},"type":"binary-expr","locations":[{"start":{"line":31,"column":26},"end":{"line":31,"column":35}},{"start":{"line":31,"column":39},"end":{"line":31,"column":58}}],"line":31},"3":{"loc":{"start":{"line":32,"column":8},"end":{"line":34,"column":9}},"type":"if","locations":[{"start":{"line":32,"column":8},"end":{"line":34,"column":9}},{"start":{"line":32,"column":8},"end":{"line":34,"column":9}}],"line":32},"4":{"loc":{"start":{"line":32,"column":12},"end":{"line":32,"column":67}},"type":"binary-expr","locations":[{"start":{"line":32,"column":12},"end":{"line":32,"column":21}},{"start":{"line":32,"column":26},"end":{"line":32,"column":45}},{"start":{"line":32,"column":49},"end":{"line":32,"column":66}}],"line":32},"5":{"loc":{"start":{"line":48,"column":8},"end":{"line":50,"column":9}},"type":"if","locations":[{"start":{"line":48,"column":8},"end":{"line":50,"column":9}},{"start":{"line":48,"column":8},"end":{"line":50,"column":9}}],"line":48},"6":{"loc":{"start":{"line":48,"column":12},"end":{"line":48,"column":57}},"type":"binary-expr","locations":[{"start":{"line":48,"column":12},"end":{"line":48,"column":43}},{"start":{"line":48,"column":47},"end":{"line":48,"column":57}}],"line":48},"7":{"loc":{"start":{"line":51,"column":8},"end":{"line":53,"column":9}},"type":"if","locations":[{"start":{"line":51,"column":8},"end":{"line":53,"column":9}},{"start":{"line":51,"column":8},"end":{"line":53,"column":9}}],"line":51},"8":{"loc":{"start":{"line":55,"column":8},"end":{"line":64,"column":10}},"type":"binary-expr","locations":[{"start":{"line":55,"column":8},"end":{"line":55,"column":17}},{"start":{"line":55,"column":21},"end":{"line":64,"column":10}}],"line":55},"9":{"loc":{"start":{"line":77,"column":8},"end":{"line":79,"column":9}},"type":"if","locations":[{"start":{"line":77,"column":8},"end":{"line":79,"column":9}},{"start":{"line":77,"column":8},"end":{"line":79,"column":9}}],"line":77},"10":{"loc":{"start":{"line":80,"column":8},"end":{"line":91,"column":9}},"type":"if","locations":[{"start":{"line":80,"column":8},"end":{"line":91,"column":9}},{"start":{"line":80,"column":8},"end":{"line":91,"column":9}}],"line":80},"11":{"loc":{"start":{"line":88,"column":12},"end":{"line":88,"column":93}},"type":"binary-expr","locations":[{"start":{"line":88,"column":12},"end":{"line":88,"column":44}},{"start":{"line":88,"column":48},"end":{"line":88,"column":93}}],"line":88},"12":{"loc":{"start":{"line":89,"column":15},"end":{"line":91,"column":9}},"type":"if","locations":[{"start":{"line":89,"column":15},"end":{"line":91,"column":9}},{"start":{"line":89,"column":15},"end":{"line":91,"column":9}}],"line":89},"13":{"loc":{"start":{"line":104,"column":8},"end":{"line":106,"column":9}},"type":"if","locations":[{"start":{"line":104,"column":8},"end":{"line":106,"column":9}},{"start":{"line":104,"column":8},"end":{"line":106,"column":9}}],"line":104},"14":{"loc":{"start":{"line":107,"column":8},"end":{"line":119,"column":9}},"type":"if","locations":[{"start":{"line":107,"column":8},"end":{"line":119,"column":9}},{"start":{"line":107,"column":8},"end":{"line":119,"column":9}}],"line":107}},"s":{"0":1,"1":1,"2":7,"3":1,"4":6,"5":6,"6":4,"7":2,"8":5,"9":1,"10":4,"11":2,"12":2,"13":2,"14":1,"15":0,"16":0,"17":4,"18":1,"19":3,"20":2,"21":2,"22":1,"23":1,"24":2,"25":1,"26":1,"27":1,"28":1,"29":1,"30":1},"f":{"0":7,"1":5,"2":1,"3":4,"4":2,"5":1},"b":{"0":[1,6],"1":[7,6],"2":[6,6],"3":[4,2],"4":[6,5,3],"5":[1,4],"6":[5,5],"7":[2,2],"8":[2,2],"9":[1,3],"10":[2,1],"11":[2,1],"12":[1,0],"13":[1,1],"14":[1,0]},"_coverageSchema":"43e27e138ebf9cfc5966b082cf9a028302ed4184","hash":"bc990a0192955cbc39d9f1ea21df6da14031b5a1"}
,"/Users/mac/Documents/ke/Tangram/src/util/validate.js": {"path":"/Users/mac/Documents/ke/Tangram/src/util/validate.js","statementMap":{"0":{"start":{"line":7,"column":17},"end":{"line":68,"column":1}},"1":{"start":{"line":13,"column":8},"end":{"line":13,"column":63}},"2":{"start":{"line":20,"column":8},"end":{"line":20,"column":48}},"3":{"start":{"line":26,"column":8},"end":{"line":26,"column":61}},"4":{"start":{"line":32,"column":18},"end":{"line":32,"column":37}},"5":{"start":{"line":33,"column":8},"end":{"line":46,"column":10}},"6":{"start":{"line":52,"column":18},"end":{"line":52,"column":37}},"7":{"start":{"line":53,"column":8},"end":{"line":53,"column":66}},"8":{"start":{"line":59,"column":18},"end":{"line":59,"column":37}},"9":{"start":{"line":60,"column":8},"end":{"line":60,"column":58}},"10":{"start":{"line":67,"column":20},"end":{"line":67,"column":50}}},"fnMap":{"0":{"name":"(anonymous_0)","decl":{"start":{"line":12,"column":4},"end":{"line":12,"column":5}},"loc":{"start":{"line":12,"column":17},"end":{"line":14,"column":5}},"line":12},"1":{"name":"(anonymous_1)","decl":{"start":{"line":19,"column":4},"end":{"line":19,"column":5}},"loc":{"start":{"line":19,"column":21},"end":{"line":21,"column":5}},"line":19},"2":{"name":"(anonymous_2)","decl":{"start":{"line":25,"column":4},"end":{"line":25,"column":5}},"loc":{"start":{"line":25,"column":15},"end":{"line":27,"column":5}},"line":25},"3":{"name":"(anonymous_3)","decl":{"start":{"line":31,"column":16},"end":{"line":31,"column":17}},"loc":{"start":{"line":31,"column":22},"end":{"line":47,"column":5}},"line":31},"4":{"name":"(anonymous_4)","decl":{"start":{"line":51,"column":15},"end":{"line":51,"column":16}},"loc":{"start":{"line":51,"column":21},"end":{"line":54,"column":5}},"line":51},"5":{"name":"(anonymous_5)","decl":{"start":{"line":58,"column":11},"end":{"line":58,"column":12}},"loc":{"start":{"line":58,"column":17},"end":{"line":61,"column":5}},"line":58},"6":{"name":"(anonymous_6)","decl":{"start":{"line":67,"column":14},"end":{"line":67,"column":15}},"loc":{"start":{"line":67,"column":20},"end":{"line":67,"column":50}},"line":67}},"branchMap":{"0":{"loc":{"start":{"line":13,"column":15},"end":{"line":13,"column":62}},"type":"binary-expr","locations":[{"start":{"line":13,"column":15},"end":{"line":13,"column":27}},{"start":{"line":13,"column":31},"end":{"line":13,"column":48}},{"start":{"line":13,"column":52},"end":{"line":13,"column":62}}],"line":13},"1":{"loc":{"start":{"line":37,"column":19},"end":{"line":37,"column":70}},"type":"binary-expr","locations":[{"start":{"line":37,"column":19},"end":{"line":37,"column":42}},{"start":{"line":37,"column":46},"end":{"line":37,"column":70}}],"line":37},"2":{"loc":{"start":{"line":40,"column":21},"end":{"line":40,"column":71}},"type":"binary-expr","locations":[{"start":{"line":40,"column":21},"end":{"line":40,"column":46}},{"start":{"line":40,"column":50},"end":{"line":40,"column":71}}],"line":40},"3":{"loc":{"start":{"line":53,"column":15},"end":{"line":53,"column":65}},"type":"binary-expr","locations":[{"start":{"line":53,"column":15},"end":{"line":53,"column":40}},{"start":{"line":53,"column":44},"end":{"line":53,"column":65}}],"line":53},"4":{"loc":{"start":{"line":67,"column":20},"end":{"line":67,"column":50}},"type":"binary-expr","locations":[{"start":{"line":67,"column":20},"end":{"line":67,"column":30}},{"start":{"line":67,"column":34},"end":{"line":67,"column":50}}],"line":67}},"s":{"0":2,"1":9,"2":14,"3":6,"4":0,"5":0,"6":3,"7":3,"8":3,"9":3,"10":4},"f":{"0":9,"1":14,"2":6,"3":0,"4":3,"5":3,"6":4},"b":{"0":[9,8,6],"1":[0,0],"2":[0,0],"3":[3,2],"4":[4,4]},"_coverageSchema":"43e27e138ebf9cfc5966b082cf9a028302ed4184","hash":"0e296c6c7a71d0c8c52d0e8c47dcab8ff4568c60"}
}
