TN:
SF:/Users/mac/Documents/ke/Tangram/src/util/cookie.js
FN:18,(anonymous_0)
FN:31,(anonymous_1)
FN:44,(anonymous_2)
FN:57,(anonymous_3)
FN:73,(anonymous_4)
FNF:5
FNH:5
FNDA:4,(anonymous_0)
FNDA:7,(anonymous_1)
FNDA:3,(anonymous_2)
FNDA:3,(anonymous_3)
FNDA:18,(anonymous_4)
DA:7,1
DA:19,4
DA:20,4
DA:21,4
DA:22,4
DA:33,7
DA:35,7
DA:45,3
DA:46,3
DA:47,1
DA:49,2
DA:58,3
DA:59,3
DA:60,3
DA:61,3
DA:62,2
DA:74,18
DA:75,18
DA:76,18
DA:77,18
DA:78,5
DA:79,3
DA:80,3
DA:81,7
LF:24
LH:24
BRDA:22,0,0,2
BRDA:22,0,1,2
BRDA:35,1,0,4
BRDA:35,1,1,3
BRDA:46,2,0,1
BRDA:46,2,1,2
BRDA:61,3,0,2
BRDA:61,3,1,1
BRDA:74,4,0,18
BRDA:74,4,1,3
BRDA:77,5,0,5
BRDA:77,5,1,3
BRDA:77,5,2,3
BRDA:77,5,3,7
BRDA:81,6,0,1
BRDA:81,6,1,6
BRDA:81,7,0,7
BRDA:81,7,1,1
BRDA:81,8,0,3
BRDA:81,8,1,3
BRF:20
BRH:20
end_of_record
TN:
SF:/Users/mac/Documents/ke/Tangram/src/util/data.js
FN:7,(anonymous_0)
FN:15,(anonymous_1)
FN:18,(anonymous_2)
FN:52,(anonymous_3)
FN:106,(anonymous_4)
FN:132,(anonymous_5)
FN:139,(anonymous_6)
FNF:7
FNH:1
FNDA:0,(anonymous_0)
FNDA:0,(anonymous_1)
FNDA:0,(anonymous_2)
FNDA:0,(anonymous_3)
FNDA:12,(anonymous_4)
FNDA:0,(anonymous_5)
FNDA:0,(anonymous_6)
DA:6,1
DA:16,0
DA:17,0
DA:18,0
DA:19,0
DA:20,0
DA:22,0
DA:25,0
DA:53,0
DA:54,0
DA:56,0
DA:57,0
DA:60,0
DA:61,0
DA:62,0
DA:66,0
DA:67,0
DA:69,0
DA:70,0
DA:71,0
DA:72,0
DA:74,0
DA:86,0
DA:87,0
DA:88,0
DA:98,0
DA:108,12
DA:109,12
DA:110,4
DA:112,12
DA:113,2
DA:115,12
DA:116,2
DA:118,12
DA:119,2
DA:121,12
DA:122,2
DA:124,12
DA:133,0
DA:136,0
DA:137,0
DA:139,0
DA:140,0
DA:141,0
DA:142,0
DA:145,0
DA:148,0
LF:47
LH:13
BRDA:16,0,0,0
BRDA:16,0,1,0
BRDA:19,1,0,0
BRDA:19,1,1,0
BRDA:53,2,0,0
BRDA:53,2,1,0
BRDA:53,3,0,0
BRDA:53,3,1,0
BRDA:54,4,0,0
BRDA:54,4,1,0
BRDA:69,5,0,0
BRDA:69,5,1,0
BRDA:74,6,0,0
BRDA:74,6,1,0
BRDA:74,7,0,0
BRDA:74,7,1,0
BRDA:74,7,2,0
BRDA:109,8,0,4
BRDA:109,8,1,8
BRDA:109,9,0,12
BRDA:109,9,1,10
BRDA:110,10,0,2
BRDA:110,10,1,2
BRDA:112,11,0,2
BRDA:112,11,1,10
BRDA:113,12,0,1
BRDA:113,12,1,1
BRDA:115,13,0,2
BRDA:115,13,1,10
BRDA:118,14,0,2
BRDA:118,14,1,10
BRDA:119,15,0,1
BRDA:119,15,1,1
BRDA:121,16,0,2
BRDA:121,16,1,10
BRDA:121,17,0,12
BRDA:121,17,1,11
BRDA:133,18,0,0
BRDA:133,18,1,0
BRDA:141,19,0,0
BRDA:141,19,1,0
BRF:41
BRH:20
end_of_record
TN:
SF:/Users/mac/Documents/ke/Tangram/src/util/share.js
FN:27,(anonymous_0)
FN:47,(anonymous_1)
FN:55,(anonymous_2)
FN:76,(anonymous_3)
FN:103,(anonymous_4)
FN:108,(anonymous_5)
FNF:6
FNH:6
FNDA:7,(anonymous_0)
FNDA:5,(anonymous_1)
FNDA:1,(anonymous_2)
FNDA:4,(anonymous_3)
FNDA:2,(anonymous_4)
FNDA:1,(anonymous_5)
DA:22,1
DA:25,1
DA:28,7
DA:29,1
DA:31,6
DA:32,6
DA:33,4
DA:35,2
DA:48,5
DA:49,1
DA:51,4
DA:52,2
DA:54,2
DA:55,2
DA:56,1
DA:57,0
DA:63,0
DA:77,4
DA:78,1
DA:80,3
DA:82,2
DA:88,2
DA:89,1
DA:90,1
DA:104,2
DA:105,1
DA:107,1
DA:108,1
DA:109,1
DA:110,1
DA:117,1
LF:31
LH:29
BRDA:28,0,0,1
BRDA:28,0,1,6
BRDA:28,1,0,7
BRDA:28,1,1,6
BRDA:31,2,0,6
BRDA:31,2,1,6
BRDA:32,3,0,4
BRDA:32,3,1,2
BRDA:32,4,0,6
BRDA:32,4,1,5
BRDA:32,4,2,3
BRDA:48,5,0,1
BRDA:48,5,1,4
BRDA:48,6,0,5
BRDA:48,6,1,5
BRDA:51,7,0,2
BRDA:51,7,1,2
BRDA:55,8,0,2
BRDA:55,8,1,2
BRDA:77,9,0,1
BRDA:77,9,1,3
BRDA:80,10,0,2
BRDA:80,10,1,1
BRDA:88,11,0,2
BRDA:88,11,1,1
BRDA:89,12,0,1
BRDA:89,12,1,0
BRDA:104,13,0,1
BRDA:104,13,1,1
BRDA:107,14,0,1
BRDA:107,14,1,0
BRF:31
BRH:29
end_of_record
TN:
SF:/Users/mac/Documents/ke/Tangram/src/util/validate.js
FN:12,(anonymous_0)
FN:19,(anonymous_1)
FN:25,(anonymous_2)
FN:31,(anonymous_3)
FN:51,(anonymous_4)
FN:58,(anonymous_5)
FN:67,(anonymous_6)
FNF:7
FNH:6
FNDA:9,(anonymous_0)
FNDA:14,(anonymous_1)
FNDA:6,(anonymous_2)
FNDA:0,(anonymous_3)
FNDA:3,(anonymous_4)
FNDA:3,(anonymous_5)
FNDA:4,(anonymous_6)
DA:7,2
DA:13,9
DA:20,14
DA:26,6
DA:32,0
DA:33,0
DA:52,3
DA:53,3
DA:59,3
DA:60,3
DA:67,4
LF:11
LH:9
BRDA:13,0,0,9
BRDA:13,0,1,8
BRDA:13,0,2,6
BRDA:37,1,0,0
BRDA:37,1,1,0
BRDA:40,2,0,0
BRDA:40,2,1,0
BRDA:53,3,0,3
BRDA:53,3,1,2
BRDA:67,4,0,4
BRDA:67,4,1,4
BRF:11
BRH:7
end_of_record
